2021-09-26 12:47:09.359  INFO 10540 --- [main] d.p.c.CreditScoreCalculator              : Starting CreditScoreCalculator using Java 15.0.1 on DESKTOP-QRMQ236 with PID 10540 (C:\Users\Harun Murad BULUT\Desktop\gittigidiyor-graduation-project-bulutharunmurat\CreditScoreCalculator\target\classes started by Harun Murad BULUT in C:\Users\Harun Murad BULUT\Desktop\gittigidiyor-graduation-project-bulutharunmurat)
2021-09-26 12:47:09.367  INFO 10540 --- [main] d.p.c.CreditScoreCalculator              : No active profile set, falling back to default profiles: default
2021-09-26 12:47:11.140  INFO 10540 --- [main] .s.d.r.c.RepositoryConfigurationDelegate : Bootstrapping Spring Data JPA repositories in DEFAULT mode.
2021-09-26 12:47:11.216  INFO 10540 --- [main] .s.d.r.c.RepositoryConfigurationDelegate : Finished Spring Data repository scanning in 54 ms. Found 2 JPA repository interfaces.
2021-09-26 12:47:11.855  INFO 10540 --- [main] o.s.b.w.embedded.tomcat.TomcatWebServer  : Tomcat initialized with port(s): 8080 (http)
2021-09-26 12:47:11.874  INFO 10540 --- [main] o.apache.catalina.core.StandardService   : Starting service [Tomcat]
2021-09-26 12:47:11.875  INFO 10540 --- [main] org.apache.catalina.core.StandardEngine  : Starting Servlet engine: [Apache Tomcat/9.0.52]
2021-09-26 12:47:12.029  INFO 10540 --- [main] o.a.c.c.C.[Tomcat].[localhost].[/]       : Initializing Spring embedded WebApplicationContext
2021-09-26 12:47:12.029  INFO 10540 --- [main] w.s.c.ServletWebServerApplicationContext : Root WebApplicationContext: initialization completed in 2590 ms
2021-09-26 12:47:12.317  INFO 10540 --- [main] o.hibernate.jpa.internal.util.LogHelper  : HHH000204: Processing PersistenceUnitInfo [name: default]
2021-09-26 12:47:12.387  INFO 10540 --- [main] org.hibernate.Version                    : HHH000412: Hibernate ORM core version 5.4.32.Final
2021-09-26 12:47:12.544  INFO 10540 --- [main] o.hibernate.annotations.common.Version   : HCANN000001: Hibernate Commons Annotations {5.1.2.Final}
2021-09-26 12:47:12.665  INFO 10540 --- [main] com.zaxxer.hikari.HikariDataSource       : HikariPool-1 - Starting...
2021-09-26 12:47:12.817  INFO 10540 --- [main] com.zaxxer.hikari.HikariDataSource       : HikariPool-1 - Start completed.
2021-09-26 12:47:12.831  INFO 10540 --- [main] org.hibernate.dialect.Dialect            : HHH000400: Using dialect: org.hibernate.dialect.MySQL5Dialect
2021-09-26 12:47:13.770  INFO 10540 --- [main] o.h.e.t.j.p.i.JtaPlatformInitiator       : HHH000490: Using JtaPlatform implementation: [org.hibernate.engine.transaction.jta.platform.internal.NoJtaPlatform]
2021-09-26 12:47:13.783  INFO 10540 --- [main] j.LocalContainerEntityManagerFactoryBean : Initialized JPA EntityManagerFactory for persistence unit 'default'
2021-09-26 12:47:14.496  WARN 10540 --- [main] JpaBaseConfiguration$JpaWebConfiguration : spring.jpa.open-in-view is enabled by default. Therefore, database queries may be performed during view rendering. Explicitly configure spring.jpa.open-in-view to disable this warning
2021-09-26 12:47:14.694  INFO 10540 --- [main] o.s.b.a.e.web.EndpointLinksResolver      : Exposing 1 endpoint(s) beneath base path '/actuator'
2021-09-26 12:47:14.792  INFO 10540 --- [main] pertySourcedRequestMappingHandlerMapping : Mapped URL path [/v2/api-docs] onto method [springfox.documentation.swagger2.web.Swagger2Controller#getDocumentation(String, HttpServletRequest)]
2021-09-26 12:47:14.997  INFO 10540 --- [main] o.s.b.a.w.s.WelcomePageHandlerMapping    : Adding welcome page: class path resource [public/index.html]
2021-09-26 12:47:15.285  INFO 10540 --- [main] o.s.b.w.embedded.tomcat.TomcatWebServer  : Tomcat started on port(s): 8080 (http) with context path ''
2021-09-26 12:47:15.287  INFO 10540 --- [main] d.s.w.p.DocumentationPluginsBootstrapper : Context refreshed
2021-09-26 12:47:15.311  INFO 10540 --- [main] d.s.w.p.DocumentationPluginsBootstrapper : Found 1 custom documentation plugin(s)
2021-09-26 12:47:15.359  INFO 10540 --- [main] s.d.s.w.s.ApiListingReferenceScanner     : Scanning for api listing references
2021-09-26 12:47:15.581  INFO 10540 --- [main] .d.s.w.r.o.CachingOperationNameGenerator : Generating unique operation named: handleUsingGET_1
2021-09-26 12:47:15.633  INFO 10540 --- [main] d.p.c.CreditScoreCalculator              : Started CreditScoreCalculator in 6.997 seconds (JVM running for 8.319)
2021-09-26 12:47:15.785  INFO 10540 --- [RMI TCP Connection(1)-172.23.0.1] o.a.c.c.C.[Tomcat].[localhost].[/]       : Initializing Spring DispatcherServlet 'dispatcherServlet'
2021-09-26 12:47:15.785  INFO 10540 --- [RMI TCP Connection(1)-172.23.0.1] o.s.web.servlet.DispatcherServlet        : Initializing Servlet 'dispatcherServlet'
2021-09-26 12:47:15.787  INFO 10540 --- [RMI TCP Connection(1)-172.23.0.1] o.s.web.servlet.DispatcherServlet        : Completed initialization in 2 ms
2021-09-26 12:48:21.304  INFO 10540 --- [SpringApplicationShutdownHook] j.LocalContainerEntityManagerFactoryBean : Closing JPA EntityManagerFactory for persistence unit 'default'
2021-09-26 12:48:21.308  INFO 10540 --- [SpringApplicationShutdownHook] com.zaxxer.hikari.HikariDataSource       : HikariPool-1 - Shutdown initiated...
2021-09-26 12:48:21.321  INFO 10540 --- [SpringApplicationShutdownHook] com.zaxxer.hikari.HikariDataSource       : HikariPool-1 - Shutdown completed.
